INFO:sim:172 - Generating IP...
Resolving generics for 'ClockManager'...
Applying external generics to 'ClockManager'...
Delivering associated files for 'ClockManager'...
WARNING:sim - Component clk_wiz_v3_6 does not have a valid model name for
   Verilog synthesis
Delivering EJava files for 'ClockManager'...
Delivered 3 files into directory
D:/Library_Projects_FPGA/VegaVAD/ipcore_dir/tmp/_cg/ClockManager
Delivered 1 file into directory
D:/Library_Projects_FPGA/VegaVAD/ipcore_dir/tmp/_cg/ClockManager
Generating ASY schematic symbol...
Loading device for application Rf_Device from file '6slx16.nph' in environment
D:\Program\Xilinx\14.7\14.7\ISE_DS\ISE\.
INFO:sim:949 - Finished generation of ASY schematic symbol.
Generating SYM schematic symbol for 'ClockManager'...
Generating ISE project...
XCO file found: ClockManager.xco
XMDF file found: ClockManager_xmdf.tcl
Adding D:/Library_Projects_FPGA/VegaVAD/ipcore_dir/tmp/_cg/ClockManager.asy
-view all -origin_type imported
Adding D:/Library_Projects_FPGA/VegaVAD/ipcore_dir/tmp/_cg/ClockManager.ucf
-view all -origin_type created
Adding D:/Library_Projects_FPGA/VegaVAD/ipcore_dir/tmp/_cg/ClockManager.v -view
all -origin_type created
INFO:HDLCompiler:1845 - Analyzing Verilog file
   "D:/Library_Projects_FPGA/VegaVAD/ipcore_dir/tmp/_cg/ClockManager.v" into
   library work
INFO:ProjectMgmt - Parsing design hierarchy completed successfully.
Adding D:/Library_Projects_FPGA/VegaVAD/ipcore_dir/tmp/_cg/ClockManager.veo
-view all -origin_type imported
INFO:TclTasksC:2116 - The automatic calculation of top has been turned-off.
   Please set the new top explicitly by running the "project set top" command.
   To re-calculate the new top automatically, set the "Auto Implementation Top"
   property to true.
Top level has been set to "/ClockManager"
Generating README file...
Generating FLIST file...
INFO:sim:948 - Finished FLIST file generation.
Launching README viewer...
Moving files to output directory...
Finished moving files to output directory
Wrote CGP file for project 'ClockManager'.
